2020-06-16 00:35:51 +0000  Initial pipeline context: <IDEDistributionProcessingPipelineContext: 0x7feede6c8900; archive(resolved)='<IDEArchive: 0x7feefa99b490>', distributionTask(resolved)='2', distributionDestination(resolved)='2', distributionMethod(resolved)='<IDEDistributionMethodiOSAppStoreDistribution: 0x7feef492c600>', team(resolved)='<IDEProvisioningDisambiguatableBasicTeam: 0x7feef951ed90; teamID='KCYAV47FA6', teamName='Economía Móvil e Inteligente, S.A. de C.V.', teamType='Company', username='hola@financierasustentable.com', isFreeProvisioningTeam='0'>'>
	Chain (13, self inclusive):
	<IDEDistributionProcessingPipelineContext: 0x7feede6c8900; archive = '<IDEArchive: 0x7feefa99b490>', distributionMethod='<IDEDistributionMethodiOSAppStoreDistribution: 0x7feef492c600>', team='<IDEProvisioningDisambiguatableBasicTeam: 0x7feef951ed90; teamID='KCYAV47FA6', teamName='Economía Móvil e Inteligente, S.A. de C.V.', teamType='Company', username='hola@financierasustentable.com', isFreeProvisioningTeam='0'>'>
	<IDEDistributionProcessingPipelineContext: 0x7feedf273740; archive = '<IDEArchive: 0x7feefa99b490>', distributionMethod='<IDEDistributionMethodiOSAppStoreDistribution: 0x7feef492c600>', team='<IDEProvisioningDisambiguatableBasicTeam: 0x7feef951ed90; teamID='KCYAV47FA6', teamName='Economía Móvil e Inteligente, S.A. de C.V.', teamType='Company', username='hola@financierasustentable.com', isFreeProvisioningTeam='0'>'>
	<IDEDistributionContext: 0x7feedf538a90; archive = '<IDEArchive: 0x7feefa99b490>', distributionMethod='<IDEDistributionMethodiOSAppStoreDistribution: 0x7feef492c600>', team='<IDEProvisioningDisambiguatableBasicTeam: 0x7feef951ed90; teamID='KCYAV47FA6', teamName='Economía Móvil e Inteligente, S.A. de C.V.', teamType='Company', username='hola@financierasustentable.com', isFreeProvisioningTeam='0'>'>
	<IDEDistributionContext: 0x7feedf14e6e0; archive = '<IDEArchive: 0x7feefa99b490>', distributionMethod='<IDEDistributionMethodiOSAppStoreDistribution: 0x7feef492c600>', team='<IDEProvisioningDisambiguatableBasicTeam: 0x7feef951ed90; teamID='KCYAV47FA6', teamName='Economía Móvil e Inteligente, S.A. de C.V.', teamType='Company', username='hola@financierasustentable.com', isFreeProvisioningTeam='0'>'>
	<IDEDistributionContext: 0x7feedf0e9140; archive = '<IDEArchive: 0x7feefa99b490>', distributionMethod='<IDEDistributionMethodiOSAppStoreDistribution: 0x7feef492c600>', team='<IDEProvisioningDisambiguatableBasicTeam: 0x7feef951ed90; teamID='KCYAV47FA6', teamName='Economía Móvil e Inteligente, S.A. de C.V.', teamType='Company', username='hola@financierasustentable.com', isFreeProvisioningTeam='0'>'>
	<IDEDistributionContext: 0x7feede57f450; archive = '<IDEArchive: 0x7feefa99b490>', distributionMethod='<IDEDistributionMethodiOSAppStoreDistribution: 0x7feef492c600>', team='<IDEProvisioningDisambiguatableBasicTeam: 0x7feef951ed90; teamID='KCYAV47FA6', teamName='Economía Móvil e Inteligente, S.A. de C.V.', teamType='Company', username='hola@financierasustentable.com', isFreeProvisioningTeam='0'>'>
	<IDEDistributionContext: 0x7feede52e8f0; archive = '<IDEArchive: 0x7feefa99b490>', distributionMethod='<IDEDistributionMethodiOSAppStoreDistribution: 0x7feef492c600>', team='<IDEProvisioningDisambiguatableBasicTeam: 0x7feef951ed90; teamID='KCYAV47FA6', teamName='Economía Móvil e Inteligente, S.A. de C.V.', teamType='Company', username='hola@financierasustentable.com', isFreeProvisioningTeam='0'>'>
	<IDEDistributionContext: 0x7feedf400640; archive = '<IDEArchive: 0x7feefa99b490>', distributionMethod='<IDEDistributionMethodiOSAppStoreDistribution: 0x7feef492c600>', team='<IDEProvisioningDisambiguatableBasicTeam: 0x7feef951ed90; teamID='KCYAV47FA6', teamName='Economía Móvil e Inteligente, S.A. de C.V.', teamType='Company', username='hola@financierasustentable.com', isFreeProvisioningTeam='0'>'>
	<IDEDistributionContext: 0x7feedf4b3ba0; archive = '<IDEArchive: 0x7feefa99b490>', distributionMethod='<IDEDistributionMethodiOSAppStoreDistribution: 0x7feef492c600>', team='<IDEProvisioningDisambiguatableBasicTeam: 0x7feef951ed90; teamID='KCYAV47FA6', teamName='Economía Móvil e Inteligente, S.A. de C.V.', teamType='Company', username='hola@financierasustentable.com', isFreeProvisioningTeam='0'>'>
	<IDEDistributionContext: 0x7feedf05e850; archive = '<IDEArchive: 0x7feefa99b490>', distributionMethod='<IDEDistributionMethodiOSAppStoreDistribution: 0x7feef492c600>', team='<IDEProvisioningDisambiguatableBasicTeam: 0x7feef951ed90; teamID='KCYAV47FA6', teamName='Economía Móvil e Inteligente, S.A. de C.V.', teamType='Company', username='hola@financierasustentable.com', isFreeProvisioningTeam='0'>'>
	<IDEDistributionContext: 0x7feedf409e50; archive = '<IDEArchive: 0x7feefa99b490>', distributionMethod='<IDEDistributionMethodiOSAppStoreDistribution: 0x7feef492c600>', team='(null)'>
	<IDEDistributionContext: 0x7feef491ce70; archive = '<IDEArchive: 0x7feefa99b490>', distributionMethod='<IDEDistributionMethodiOSAppStoreDistribution: 0x7feef492c600>', team='(null)'>
	<IDEDistributionContext: 0x7feef30d6010; archive = '<IDEArchive: 0x7feefa99b490>', distributionMethod='(null)', team='(null)'>
</IDEDistributionProcessingPipelineContext: 0x7feede6c8900>
2020-06-16 00:35:51 +0000  Processing step: IDEDistributionCreateDestRootStep
2020-06-16 00:35:51 +0000  Processing step: IDEDistributionCopyItemStep
2020-06-16 00:35:51 +0000  Running /usr/bin/ditto '-V' '/Users/mbairgit/Library/Developer/Xcode/Archives/2020-06-15/FinsusGit 6-15-20, 7.06 PM.xcarchive/Products/Applications/Finsus.app' '/var/folders/x4/jzmpkkgn0sv0x_cx3tvpp9fm0000gn/T/XcodeDistPipeline.~~~wWBdL4/Root/Payload/Finsus.app'
2020-06-16 00:35:51 +0000  >>> Copying /Users/mbairgit/Library/Developer/Xcode/Archives/2020-06-15/FinsusGit 6-15-20, 7.06 PM.xcarchive/Products/Applications/Finsus.app 
2020-06-16 00:35:51 +0000  
2020-06-16 00:35:51 +0000  copying file ./_CodeSignature/CodeResources ... 
2020-06-16 00:35:51 +0000  55727 bytes for ./_CodeSignature/CodeResources
2020-06-16 00:35:51 +0000  copying file ./Fontisto.ttf ... 
2020-06-16 00:35:51 +0000  313528 bytes for ./Fontisto.ttf
2020-06-16 00:35:51 +0000  copying file ./Octicons.ttf ... 
2020-06-16 00:35:51 +0000  28364 bytes for ./Octicons.ttf
copying file ./Roboto-Medium.ttf ... 
2020-06-16 00:35:51 +0000  171656 bytes for ./Roboto-Medium.ttf
copying file ./Feather.ttf ... 
2020-06-16 00:35:51 +0000  58272 bytes for ./Feather.ttf
copying file ./Roboto-Light.ttf ... 
2020-06-16 00:35:51 +0000  170012 bytes for ./Roboto-Light.ttf
2020-06-16 00:35:51 +0000  copying file ./AppIcon20x20@2x.png ... 
2020-06-16 00:35:51 +0000  1102 bytes for ./AppIcon20x20@2x.png
copying file ./Montserrat-Medium.ttf ... 
2020-06-16 00:35:51 +0000  243180 bytes for ./Montserrat-Medium.ttf
copying file ./Entypo.ttf ... 
2020-06-16 00:35:51 +0000  65584 bytes for ./Entypo.ttf
2020-06-16 00:35:51 +0000  copying file ./AppIcon20x20@3x.png ... 
2020-06-16 00:35:51 +0000  1744 bytes for ./AppIcon20x20@3x.png
2020-06-16 00:35:51 +0000  copying file ./FontAwesome5_Brands.ttf ... 
2020-06-16 00:35:51 +0000  125016 bytes for ./FontAwesome5_Brands.ttf
2020-06-16 00:35:51 +0000  copying file ./AppIcon29x29.png ... 
2020-06-16 00:35:51 +0000  748 bytes for ./AppIcon29x29.png
2020-06-16 00:35:51 +0000  copying file ./MaterialCommunityIcons.ttf ... 
2020-06-16 00:35:51 +0000  546548 bytes for ./MaterialCommunityIcons.ttf
2020-06-16 00:35:51 +0000  copying file ./Roboto-Regular.ttf ... 
2020-06-16 00:35:51 +0000  171272 bytes for ./Roboto-Regular.ttf
copying file ./AppIcon60x60@2x.png ... 
3502 bytes for ./AppIcon60x60@2x.png
copying file ./Montserrat-Light.ttf ... 
2020-06-16 00:35:51 +0000  242068 bytes for ./Montserrat-Light.ttf
2020-06-16 00:35:51 +0000  copying file ./AppIcon29x29@2x.png ... 
2020-06-16 00:35:51 +0000  1658 bytes for ./AppIcon29x29@2x.png
2020-06-16 00:35:51 +0000  copying file ./AntDesign.ttf ... 
2020-06-16 00:35:51 +0000  70344 bytes for ./AntDesign.ttf
2020-06-16 00:35:51 +0000  copying file ./AppIcon40x40@3x.png ... 
2020-06-16 00:35:51 +0000  3502 bytes for ./AppIcon40x40@3x.png
2020-06-16 00:35:51 +0000  copying file ./Foundation.ttf ... 
2020-06-16 00:35:51 +0000  56976 bytes for ./Foundation.ttf
copying file ./Montserrat-Bold.ttf ... 
2020-06-16 00:35:51 +0000  244468 bytes for ./Montserrat-Bold.ttf
copying file ./AppIcon29x29~ipad.png ... 
2020-06-16 00:35:51 +0000  748 bytes for ./AppIcon29x29~ipad.png
2020-06-16 00:35:51 +0000  copying file ./Ionicons.ttf ... 
2020-06-16 00:35:51 +0000  112472 bytes for ./Ionicons.ttf
2020-06-16 00:35:51 +0000  copying file ./FontAwesome5_Solid.ttf ... 
2020-06-16 00:35:51 +0000  186228 bytes for ./FontAwesome5_Solid.ttf
2020-06-16 00:35:51 +0000  copying file ./AppIcon40x40@2x.png ... 
2020-06-16 00:35:51 +0000  2462 bytes for ./AppIcon40x40@2x.png
copying file ./FontAwesome5_Regular.ttf ... 
2020-06-16 00:35:51 +0000  34092 bytes for ./FontAwesome5_Regular.ttf
2020-06-16 00:35:51 +0000  copying file ./AppIcon29x29@3x.png ... 
2020-06-16 00:35:51 +0000  2640 bytes for ./AppIcon29x29@3x.png
copying file ./AppIcon60x60@3x.png ... 
2020-06-16 00:35:51 +0000  5153 bytes for ./AppIcon60x60@3x.png
2020-06-16 00:35:51 +0000  copying file ./Base.lproj/LaunchScreen.nib/objects-13.0+.nib ... 
2020-06-16 00:35:51 +0000  936 bytes for ./Base.lproj/LaunchScreen.nib/objects-13.0+.nib
copying file ./Base.lproj/LaunchScreen.nib/runtime.nib ... 
2020-06-16 00:35:51 +0000  936 bytes for ./Base.lproj/LaunchScreen.nib/runtime.nib
2020-06-16 00:35:51 +0000  copying file ./FontAwesome.ttf ... 
2020-06-16 00:35:51 +0000  165548 bytes for ./FontAwesome.ttf
copying file ./Zocial.ttf ... 
2020-06-16 00:35:51 +0000  25552 bytes for ./Zocial.ttf
2020-06-16 00:35:51 +0000  copying file ./Assets.car ... 
2020-06-16 00:35:51 +0000  85576 bytes for ./Assets.car
copying file ./Finsus ... 
2020-06-16 00:35:51 +0000  119450320 bytes for ./Finsus
copying file ./Montserrat-SemiBold.ttf ... 
2020-06-16 00:35:51 +0000  243816 bytes for ./Montserrat-SemiBold.ttf
2020-06-16 00:35:51 +0000  copying file ./AppIcon40x40@2x~ipad.png ... 
2020-06-16 00:35:51 +0000  2462 bytes for ./AppIcon40x40@2x~ipad.png
copying file ./EvilIcons.ttf ... 
2020-06-16 00:35:51 +0000  13456 bytes for ./EvilIcons.ttf
2020-06-16 00:35:51 +0000  copying file ./AppIcon76x76@2x~ipad.png ... 
2020-06-16 00:35:51 +0000  4217 bytes for ./AppIcon76x76@2x~ipad.png
2020-06-16 00:35:51 +0000  copying file ./main.jsbundle ... 
2020-06-16 00:35:51 +0000  2932351 bytes for ./main.jsbundle
2020-06-16 00:35:51 +0000  copying file ./AppIcon83.5x83.5@2x~ipad.png ... 
2020-06-16 00:35:51 +0000  4700 bytes for ./AppIcon83.5x83.5@2x~ipad.png
2020-06-16 00:35:51 +0000  copying file ./AppIcon29x29@2x~ipad.png ... 
2020-06-16 00:35:51 +0000  1658 bytes for ./AppIcon29x29@2x~ipad.png
2020-06-16 00:35:51 +0000  copying file ./Montserrat-Regular.ttf ... 
2020-06-16 00:35:51 +0000  245708 bytes for ./Montserrat-Regular.ttf
copying file ./AppIcon40x40~ipad.png ... 
2020-06-16 00:35:51 +0000  1102 bytes for ./AppIcon40x40~ipad.png
copying file ./AppIcon20x20~ipad.png ... 
2020-06-16 00:35:51 +0000  517 bytes for ./AppIcon20x20~ipad.png
2020-06-16 00:35:51 +0000  copying file ./SimpleLineIcons.ttf ... 
2020-06-16 00:35:51 +0000  54056 bytes for ./SimpleLineIcons.ttf
2020-06-16 00:35:51 +0000  copying file ./embedded.mobileprovision ... 
2020-06-16 00:35:51 +0000  18010 bytes for ./embedded.mobileprovision
2020-06-16 00:35:51 +0000  copying file ./Roboto-Bold.ttf ... 
2020-06-16 00:35:51 +0000  170348 bytes for ./Roboto-Bold.ttf
2020-06-16 00:35:51 +0000  copying file ./assets/app.json ... 
2020-06-16 00:35:51 +0000  50 bytes for ./assets/app.json
2020-06-16 00:35:51 +0000  copying file ./assets/node_modules/css-tree/dist/default-syntax.json ... 
2020-06-16 00:35:51 +0000  57784 bytes for ./assets/node_modules/css-tree/dist/default-syntax.json
2020-06-16 00:35:51 +0000  copying file ./assets/node_modules/dom-serializer/foreignNames.json ... 
2020-06-16 00:35:51 +0000  3149 bytes for ./assets/node_modules/dom-serializer/foreignNames.json
2020-06-16 00:35:51 +0000  copying file ./assets/node_modules/dom-serializer/node_modules/entities/lib/maps/xml.json ... 
2020-06-16 00:35:51 +0000  64 bytes for ./assets/node_modules/dom-serializer/node_modules/entities/lib/maps/xml.json
2020-06-16 00:35:51 +0000  copying file ./assets/node_modules/dom-serializer/node_modules/entities/lib/maps/decode.json ... 
2020-06-16 00:35:51 +0000  356 bytes for ./assets/node_modules/dom-serializer/node_modules/entities/lib/maps/decode.json
2020-06-16 00:35:51 +0000  copying file ./assets/node_modules/dom-serializer/node_modules/entities/lib/maps/entities.json ... 
2020-06-16 00:35:51 +0000  44868 bytes for ./assets/node_modules/dom-serializer/node_modules/entities/lib/maps/entities.json
copying file ./assets/node_modules/dom-serializer/node_modules/entities/lib/maps/legacy.json ... 
2020-06-16 00:35:51 +0000  1961 bytes for ./assets/node_modules/dom-serializer/node_modules/entities/lib/maps/legacy.json
2020-06-16 00:35:51 +0000  copying file ./assets/node_modules/react-navigation-stack/lib/module/views/assets/back-icon@3x.png ... 
2020-06-16 00:35:51 +0000  761 bytes for ./assets/node_modules/react-navigation-stack/lib/module/views/assets/back-icon@3x.png
2020-06-16 00:35:51 +0000  copying file ./assets/node_modules/react-navigation-stack/lib/module/views/assets/back-icon@2x.png ... 
2020-06-16 00:35:51 +0000  405 bytes for ./assets/node_modules/react-navigation-stack/lib/module/views/assets/back-icon@2x.png
copying file ./assets/node_modules/react-navigation-stack/lib/module/views/assets/back-icon.png ... 
2020-06-16 00:35:51 +0000  290 bytes for ./assets/node_modules/react-navigation-stack/lib/module/views/assets/back-icon.png
copying file ./assets/node_modules/react-navigation-stack/lib/module/views/assets/back-icon-mask.png ... 
2020-06-16 00:35:51 +0000  1619 bytes for ./assets/node_modules/react-navigation-stack/lib/module/views/assets/back-icon-mask.png
2020-06-16 00:35:51 +0000  copying file ./assets/node_modules/css-select/lib/procedure.json ... 
2020-06-16 00:35:51 +0000  145 bytes for ./assets/node_modules/css-select/lib/procedure.json
2020-06-16 00:35:51 +0000  copying file ./assets/node_modules/react-native-vector-icons/glyphmaps/Ionicons.json ... 
2020-06-16 00:35:51 +0000  17166 bytes for ./assets/node_modules/react-native-vector-icons/glyphmaps/Ionicons.json
copying file ./assets/node_modules/react-native-vector-icons/glyphmaps/Fontisto.json ... 
2020-06-16 00:35:51 +0000  13107 bytes for ./assets/node_modules/react-native-vector-icons/glyphmaps/Fontisto.json
2020-06-16 00:35:51 +0000  copying file ./assets/node_modules/react-native-vector-icons/glyphmaps/EvilIcons.json ... 
2020-06-16 00:35:51 +0000  1454 bytes for ./assets/node_modules/react-native-vector-icons/glyphmaps/EvilIcons.json
2020-06-16 00:35:51 +0000  copying file ./assets/node_modules/react-native-vector-icons/glyphmaps/Octicons.json ... 
2020-06-16 00:35:51 +0000  3992 bytes for ./assets/node_modules/react-native-vector-icons/glyphmaps/Octicons.json
copying file ./assets/node_modules/react-native-vector-icons/glyphmaps/FontAwesome.json ... 
2020-06-16 00:35:51 +0000  17437 bytes for ./assets/node_modules/react-native-vector-icons/glyphmaps/FontAwesome.json
2020-06-16 00:35:51 +0000  copying file ./assets/node_modules/react-native-vector-icons/glyphmaps/MaterialIcons.json ... 
2020-06-16 00:35:51 +0000  22815 bytes for ./assets/node_modules/react-native-vector-icons/glyphmaps/MaterialIcons.json
copying file ./assets/node_modules/react-native-vector-icons/glyphmaps/Entypo.json ... 
2020-06-16 00:35:51 +0000  9486 bytes for ./assets/node_modules/react-native-vector-icons/glyphmaps/Entypo.json
2020-06-16 00:35:51 +0000  copying file ./assets/node_modules/react-native-vector-icons/glyphmaps/SimpleLineIcons.json ... 
2020-06-16 00:35:51 +0000  4102 bytes for ./assets/node_modules/react-native-vector-icons/glyphmaps/SimpleLineIcons.json
2020-06-16 00:35:51 +0000  copying file ./assets/node_modules/react-native-vector-icons/glyphmaps/AntDesign.json ... 
2020-06-16 00:35:51 +0000  6303 bytes for ./assets/node_modules/react-native-vector-icons/glyphmaps/AntDesign.json
2020-06-16 00:35:51 +0000  copying file ./assets/node_modules/react-native-vector-icons/glyphmaps/Feather.json ... 
2020-06-16 00:35:51 +0000  5933 bytes for ./assets/node_modules/react-native-vector-icons/glyphmaps/Feather.json
2020-06-16 00:35:51 +0000  copying file ./assets/node_modules/react-native-vector-icons/glyphmaps/MaterialCommunityIcons.json ... 
2020-06-16 00:35:51 +0000  97065 bytes for ./assets/node_modules/react-native-vector-icons/glyphmaps/MaterialCommunityIcons.json
2020-06-16 00:35:51 +0000  copying file ./assets/node_modules/react-native-vector-icons/glyphmaps/Foundation.json ... 
2020-06-16 00:35:51 +0000  6417 bytes for ./assets/node_modules/react-native-vector-icons/glyphmaps/Foundation.json
2020-06-16 00:35:51 +0000  copying file ./assets/node_modules/react-native-vector-icons/glyphmaps/Zocial.json ... 
2020-06-16 00:35:51 +0000  2013 bytes for ./assets/node_modules/react-native-vector-icons/glyphmaps/Zocial.json
2020-06-16 00:35:51 +0000  copying file ./assets/node_modules/react-native-calendars/src/calendar/img/previous@2x.png ... 
2020-06-16 00:35:51 +0000  458 bytes for ./assets/node_modules/react-native-calendars/src/calendar/img/previous@2x.png
2020-06-16 00:35:51 +0000  copying file ./assets/node_modules/react-native-calendars/src/calendar/img/next@2x.png ... 
2020-06-16 00:35:51 +0000  462 bytes for ./assets/node_modules/react-native-calendars/src/calendar/img/next@2x.png
2020-06-16 00:35:51 +0000  copying file ./assets/node_modules/react-native-calendars/src/img/down@3x.png ... 
2020-06-16 00:35:51 +0000  508 bytes for ./assets/node_modules/react-native-calendars/src/img/down@3x.png
2020-06-16 00:35:51 +0000  copying file ./assets/node_modules/react-native-calendars/src/img/down@2x.png ... 
2020-06-16 00:35:51 +0000  354 bytes for ./assets/node_modules/react-native-calendars/src/img/down@2x.png
2020-06-16 00:35:51 +0000  copying file ./assets/node_modules/react-native-calendars/src/img/up.png ... 
2020-06-16 00:35:51 +0000  215 bytes for ./assets/node_modules/react-native-calendars/src/img/up.png
2020-06-16 00:35:51 +0000  copying file ./assets/node_modules/react-native-calendars/src/img/down.png ... 
2020-06-16 00:35:51 +0000  208 bytes for ./assets/node_modules/react-native-calendars/src/img/down.png
copying file ./assets/node_modules/react-native-calendars/src/img/up@2x.png ... 
2020-06-16 00:35:51 +0000  347 bytes for ./assets/node_modules/react-native-calendars/src/img/up@2x.png
2020-06-16 00:35:51 +0000  copying file ./assets/node_modules/react-native-calendars/src/img/up@3x.png ... 
2020-06-16 00:35:51 +0000  504 bytes for ./assets/node_modules/react-native-calendars/src/img/up@3x.png
2020-06-16 00:35:51 +0000  copying file ./assets/node_modules/realm/package.json ... 
2020-06-16 00:35:51 +0000  5325 bytes for ./assets/node_modules/realm/package.json
2020-06-16 00:35:51 +0000  copying file ./assets/assets/images/depositar.png ... 
2020-06-16 00:35:51 +0000  96685 bytes for ./assets/assets/images/depositar.png
copying file ./assets/assets/images/user-id-back.png ... 
2020-06-16 00:35:52 +0000  5771 bytes for ./assets/assets/images/user-id-back.png
copying file ./assets/assets/images/onboarding-header.png ... 
2020-06-16 00:35:52 +0000  44732 bytes for ./assets/assets/images/onboarding-header.png
2020-06-16 00:35:52 +0000  copying file ./assets/assets/images/user-selfie-logo.png ... 
2020-06-16 00:35:52 +0000  7478 bytes for ./assets/assets/images/user-selfie-logo.png
2020-06-16 00:35:52 +0000  copying file ./assets/assets/images/finsusApp.png ... 
2020-06-16 00:35:52 +0000  10249 bytes for ./assets/assets/images/finsusApp.png
2020-06-16 00:35:52 +0000  copying file ./assets/assets/images/user-video.png ... 
2020-06-16 00:35:52 +0000  5951 bytes for ./assets/assets/images/user-video.png
2020-06-16 00:35:52 +0000  copying file ./assets/assets/images/welcome-01.png ... 
2020-06-16 00:35:52 +0000  186620 bytes for ./assets/assets/images/welcome-01.png
2020-06-16 00:35:52 +0000  copying file ./assets/assets/images/facematch.png ... 
2020-06-16 00:35:52 +0000  8699 bytes for ./assets/assets/images/facematch.png
2020-06-16 00:35:52 +0000  copying file ./assets/assets/images/welcome-03.png ... 
2020-06-16 00:35:52 +0000  173840 bytes for ./assets/assets/images/welcome-03.png
2020-06-16 00:35:52 +0000  copying file ./assets/assets/images/indicator-wifi.png ... 
2020-06-16 00:35:52 +0000  13882 bytes for ./assets/assets/images/indicator-wifi.png
copying file ./assets/assets/images/welcome-02.png ... 
2020-06-16 00:35:52 +0000  383871 bytes for ./assets/assets/images/welcome-02.png
2020-06-16 00:35:52 +0000  copying file ./assets/assets/images/indicator-light.png ... 
2020-06-16 00:35:52 +0000  10132 bytes for ./assets/assets/images/indicator-light.png
2020-06-16 00:35:52 +0000  copying file ./assets/assets/images/welcome-04.png ... 
2020-06-16 00:35:52 +0000  275567 bytes for ./assets/assets/images/welcome-04.png
2020-06-16 00:35:52 +0000  copying file ./assets/assets/images/finsus-debitcard.png ... 
2020-06-16 00:35:52 +0000  67897 bytes for ./assets/assets/images/finsus-debitcard.png
copying file ./assets/assets/images/promo-1.png ... 
2020-06-16 00:35:52 +0000  36226 bytes for ./assets/assets/images/promo-1.png
2020-06-16 00:35:52 +0000  copying file ./assets/assets/images/promo-2.png ... 
2020-06-16 00:35:52 +0000  33792 bytes for ./assets/assets/images/promo-2.png
2020-06-16 00:35:52 +0000  copying file ./assets/assets/images/user-logo.png ... 
2020-06-16 00:35:52 +0000  4872 bytes for ./assets/assets/images/user-logo.png
2020-06-16 00:35:52 +0000  copying file ./assets/assets/images/finsusLogoBlanco.png ... 
2020-06-16 00:35:52 +0000  54684 bytes for ./assets/assets/images/finsusLogoBlanco.png
copying file ./assets/assets/images/camFrame.png ... 
2020-06-16 00:35:52 +0000  16704 bytes for ./assets/assets/images/camFrame.png
2020-06-16 00:35:52 +0000  copying file ./assets/assets/images/indicator-docs.png ... 
2020-06-16 00:35:52 +0000  11122 bytes for ./assets/assets/images/indicator-docs.png
2020-06-16 00:35:52 +0000  copying file ./assets/assets/images/user-id-front.png ... 
2020-06-16 00:35:52 +0000  6237 bytes for ./assets/assets/images/user-id-front.png
2020-06-16 00:35:52 +0000  copying file ./assets/assets/images/finsusLogo.png ... 
2020-06-16 00:35:52 +0000  69741 bytes for ./assets/assets/images/finsusLogo.png
2020-06-16 00:35:52 +0000  copying file ./assets/assets/icons/key-white.png ... 
2020-06-16 00:35:52 +0000  2792 bytes for ./assets/assets/icons/key-white.png
2020-06-16 00:35:52 +0000  copying file ./assets/assets/icons/iniciarCamara.png ... 
2020-06-16 00:35:52 +0000  2244 bytes for ./assets/assets/icons/iniciarCamara.png
2020-06-16 00:35:52 +0000  copying file ./assets/assets/icons/transferir.png ... 
2020-06-16 00:35:52 +0000  1615 bytes for ./assets/assets/icons/transferir.png
2020-06-16 00:35:52 +0000  copying file ./assets/assets/icons/corner-downright.png ... 
2020-06-16 00:35:52 +0000  767 bytes for ./assets/assets/icons/corner-downright.png
2020-06-16 00:35:52 +0000  copying file ./assets/assets/icons/briefcaseBlue.png ... 
2020-06-16 00:35:52 +0000  1870 bytes for ./assets/assets/icons/briefcaseBlue.png
2020-06-16 00:35:52 +0000  copying file ./assets/assets/icons/email-white.png ... 
2020-06-16 00:35:52 +0000  2451 bytes for ./assets/assets/icons/email-white.png
copying file ./assets/assets/icons/invitar-amigo.png ... 
2020-06-16 00:35:52 +0000  3930 bytes for ./assets/assets/icons/invitar-amigo.png
copying file ./assets/assets/icons/favorito.png ... 
2020-06-16 00:35:52 +0000  7397 bytes for ./assets/assets/icons/favorito.png
copying file ./assets/assets/icons/operation-fail.png ... 
2020-06-16 00:35:52 +0000  1647 bytes for ./assets/assets/icons/operation-fail.png
copying file ./assets/assets/icons/show-password.png ... 
2020-06-16 00:35:52 +0000  2174 bytes for ./assets/assets/icons/show-password.png
copying file ./assets/assets/icons/read-privacy.png ... 
2020-06-16 00:35:52 +0000  7432 bytes for ./assets/assets/icons/read-privacy.png
2020-06-16 00:35:52 +0000  copying file ./assets/assets/icons/key.png ... 
2020-06-16 00:35:52 +0000  440 bytes for ./assets/assets/icons/key.png
2020-06-16 00:35:52 +0000  copying file ./assets/assets/icons/sobre.png ... 
2020-06-16 00:35:52 +0000  771 bytes for ./assets/assets/icons/sobre.png
copying file ./assets/assets/icons/lock.png ... 
2020-06-16 00:35:52 +0000  1625 bytes for ./assets/assets/icons/lock.png
2020-06-16 00:35:52 +0000  copying file ./assets/assets/icons/removeCircle.png ... 
2020-06-16 00:35:52 +0000  2059 bytes for ./assets/assets/icons/removeCircle.png
2020-06-16 00:35:52 +0000  copying file ./assets/assets/icons/operation-success.png ... 
2020-06-16 00:35:52 +0000  1399 bytes for ./assets/assets/icons/operation-success.png
2020-06-16 00:35:52 +0000  copying file ./assets/assets/icons/brefcase.png ... 
2020-06-16 00:35:52 +0000  457 bytes for ./assets/assets/icons/brefcase.png
2020-06-16 00:35:52 +0000  copying file ./assets/assets/icons/services.png ... 
2020-06-16 00:35:52 +0000  2542 bytes for ./assets/assets/icons/services.png
2020-06-16 00:35:52 +0000  copying file ./assets/assets/icons/logout-blue.png ... 
2020-06-16 00:35:52 +0000  3115 bytes for ./assets/assets/icons/logout-blue.png
2020-06-16 00:35:52 +0000  copying file ./assets/assets/icons/historial_pagos.png ... 
2020-06-16 00:35:52 +0000  452 bytes for ./assets/assets/icons/historial_pagos.png
copying file ./assets/assets/icons/user.png ... 
2020-06-16 00:35:52 +0000  3284 bytes for ./assets/assets/icons/user.png
2020-06-16 00:35:52 +0000  copying file ./assets/assets/icons/cuenta-ahorro.png ... 
2020-06-16 00:35:52 +0000  7561 bytes for ./assets/assets/icons/cuenta-ahorro.png
copying file ./assets/assets/icons/read-contract.png ... 
2020-06-16 00:35:52 +0000  5222 bytes for ./assets/assets/icons/read-contract.png
2020-06-16 00:35:52 +0000  copying file ./assets/assets/icons/finsus-title.png ... 
2020-06-16 00:35:52 +0000  1938 bytes for ./assets/assets/icons/finsus-title.png
copying file ./assets/assets/icons/briefcaseGray.png ... 
2020-06-16 00:35:52 +0000  1837 bytes for ./assets/assets/icons/briefcaseGray.png
copying file ./assets/assets/icons/irAGaleria.png ... 
2020-06-16 00:35:52 +0000  2486 bytes for ./assets/assets/icons/irAGaleria.png
2020-06-16 00:35:52 +0000  copying file ./assets/assets/icons/transfer.png ... 
2020-06-16 00:35:52 +0000  372 bytes for ./assets/assets/icons/transfer.png
2020-06-16 00:35:52 +0000  copying file ./assets/assets/icons/corner-upright.png ... 
2020-06-16 00:35:52 +0000  777 bytes for ./assets/assets/icons/corner-upright.png
2020-06-16 00:35:52 +0000  copying file ./assets/assets/icons/check.gif ... 
2020-06-16 00:35:52 +0000  182947 bytes for ./assets/assets/icons/check.gif
copying file ./assets/assets/icons/taxes-gray.jpg ... 
2020-06-16 00:35:52 +0000  5074 bytes for ./assets/assets/icons/taxes-gray.jpg
copying file ./assets/assets/icons/depositBlue.png ... 
2020-06-16 00:35:52 +0000  5796 bytes for ./assets/assets/icons/depositBlue.png
copying file ./assets/assets/icons/transferGray.png ... 
2020-06-16 00:35:52 +0000  2032 bytes for ./assets/assets/icons/transferGray.png
2020-06-16 00:35:52 +0000  copying file ./assets/assets/icons/help.png ... 
2020-06-16 00:35:52 +0000  4753 bytes for ./assets/assets/icons/help.png
2020-06-16 00:35:52 +0000  copying file ./assets/assets/icons/camarita.png ... 
2020-06-16 00:35:52 +0000  480 bytes for ./assets/assets/icons/camarita.png
2020-06-16 00:35:52 +0000  copying file ./assets/assets/icons/cuenta-inversion.png ... 
2020-06-16 00:35:52 +0000  1369 bytes for ./assets/assets/icons/cuenta-inversion.png
copying file ./assets/assets/icons/hide-password.png ... 
2020-06-16 00:35:52 +0000  2816 bytes for ./assets/assets/icons/hide-password.png
2020-06-16 00:35:52 +0000  copying file ./assets/assets/icons/bars.png ... 
2020-06-16 00:35:52 +0000  296 bytes for ./assets/assets/icons/bars.png
2020-06-16 00:35:52 +0000  copying file ./assets/assets/icons/oldphone.png ... 
2020-06-16 00:35:52 +0000  2112 bytes for ./assets/assets/icons/oldphone.png
copying file ./assets/assets/icons/payServiceBlue.png ... 
2020-06-16 00:35:52 +0000  3693 bytes for ./assets/assets/icons/payServiceBlue.png
2020-06-16 00:35:52 +0000  copying file ./assets/assets/icons/beneficiaryFace.png ... 
2020-06-16 00:35:52 +0000  1021 bytes for ./assets/assets/icons/beneficiaryFace.png
2020-06-16 00:35:52 +0000  copying file ./assets/assets/icons/touch-landscape.png ... 
2020-06-16 00:35:52 +0000  6828 bytes for ./assets/assets/icons/touch-landscape.png
2020-06-16 00:35:52 +0000  copying file ./assets/assets/icons/smartphone-white.png ... 
2020-06-16 00:35:52 +0000  3119 bytes for ./assets/assets/icons/smartphone-white.png
2020-06-16 00:35:52 +0000  copying file ./assets/assets/icons/corner-downleft.png ... 
2020-06-16 00:35:52 +0000  789 bytes for ./assets/assets/icons/corner-downleft.png
2020-06-16 00:35:52 +0000  copying file ./assets/assets/icons/ticket-gray.jpg ... 
2020-06-16 00:35:52 +0000  5955 bytes for ./assets/assets/icons/ticket-gray.jpg
2020-06-16 00:35:52 +0000  copying file ./assets/assets/icons/clave.png ... 
2020-06-16 00:35:52 +0000  1106 bytes for ./assets/assets/icons/clave.png
2020-06-16 00:35:52 +0000  copying file ./assets/assets/icons/bank.png ... 
2020-06-16 00:35:52 +0000  5255 bytes for ./assets/assets/icons/bank.png
2020-06-16 00:35:52 +0000  copying file ./assets/assets/icons/air-credit.png ... 
2020-06-16 00:35:52 +0000  5609 bytes for ./assets/assets/icons/air-credit.png
copying file ./assets/assets/icons/recibir.png ... 
2020-06-16 00:35:52 +0000  1805 bytes for ./assets/assets/icons/recibir.png
copying file ./assets/assets/icons/payServiceGray.png ... 
2020-06-16 00:35:52 +0000  3545 bytes for ./assets/assets/icons/payServiceGray.png
2020-06-16 00:35:52 +0000  copying file ./assets/assets/icons/celular.png ... 
2020-06-16 00:35:52 +0000  1597 bytes for ./assets/assets/icons/celular.png
2020-06-16 00:35:52 +0000  copying file ./assets/assets/icons/informacion.png ... 
2020-06-16 00:35:52 +0000  611 bytes for ./assets/assets/icons/informacion.png
2020-06-16 00:35:52 +0000  copying file ./assets/assets/icons/transferBlue.png ... 
2020-06-16 00:35:52 +0000  1978 bytes for ./assets/assets/icons/transferBlue.png
2020-06-16 00:35:52 +0000  copying file ./assets/assets/icons/corner-upleft.png ... 
2020-06-16 00:35:52 +0000  775 bytes for ./assets/assets/icons/corner-upleft.png
2020-06-16 00:35:52 +0000  copying file ./assets/assets/icons/whatsapp-white.png ... 
2020-06-16 00:35:52 +0000  6254 bytes for ./assets/assets/icons/whatsapp-white.png
2020-06-16 00:35:52 +0000  copying file ./assets/assets/icons/contract.png ... 
2020-06-16 00:35:52 +0000  347 bytes for ./assets/assets/icons/contract.png
2020-06-16 00:35:52 +0000  copying file ./assets/assets/icons/confirm_password.png ... 
2020-06-16 00:35:52 +0000  809 bytes for ./assets/assets/icons/confirm_password.png
2020-06-16 00:35:52 +0000  copying file ./assets/assets/icons/codigo-promocion.png ... 
2020-06-16 00:35:52 +0000  3100 bytes for ./assets/assets/icons/codigo-promocion.png
2020-06-16 00:35:52 +0000  copying file ./assets/assets/icons/depositGray.png ... 
2020-06-16 00:35:52 +0000  4989 bytes for ./assets/assets/icons/depositGray.png
2020-06-16 00:35:52 +0000  copying file ./AppIcon20x20@2x~ipad.png ... 
2020-06-16 00:35:52 +0000  1102 bytes for ./AppIcon20x20@2x~ipad.png
2020-06-16 00:35:52 +0000  copying file ./Info.plist ... 
2020-06-16 00:35:52 +0000  3483 bytes for ./Info.plist
2020-06-16 00:35:52 +0000  copying file ./PkgInfo ... 
2020-06-16 00:35:52 +0000  8 bytes for ./PkgInfo
2020-06-16 00:35:52 +0000  copying file ./MaterialIcons.ttf ... 
2020-06-16 00:35:52 +0000  128180 bytes for ./MaterialIcons.ttf
copying file ./AppIcon76x76~ipad.png ... 
2020-06-16 00:35:52 +0000  2355 bytes for ./AppIcon76x76~ipad.png
2020-06-16 00:35:52 +0000  /usr/bin/ditto exited with 0
2020-06-16 00:35:52 +0000  Processing step: IDEDistributionEmbedProfileStep
2020-06-16 00:35:52 +0000  Processing step: IDEDistributionItemRemovalStep
2020-06-16 00:35:52 +0000  Processing step: IDEDistributionAppThinningPlistStep
2020-06-16 00:35:52 +0000  Skipping step: IDEDistributionAppThinningPlistStep because it said so
2020-06-16 00:35:52 +0000  Processing step: IDEDistributionCompileBitcodeStep
2020-06-16 00:35:52 +0000  Skipping step: IDEDistributionCompileBitcodeStep because it said so
2020-06-16 00:35:52 +0000  Processing step: IDEDistributionCodeSlimmingStep
2020-06-16 00:35:53 +0000  Processing step: IDEDistributionCopyBCSymbolMapsStep
2020-06-16 00:35:53 +0000  Running /usr/bin/ditto '-V' '/Users/mbairgit/Library/Developer/Xcode/Archives/2020-06-15/FinsusGit 6-15-20, 7.06 PM.xcarchive/BCSymbolMaps/3BCDC802-A655-39F5-8053-E13E4C4A67F3.bcsymbolmap' '/var/folders/x4/jzmpkkgn0sv0x_cx3tvpp9fm0000gn/T/XcodeDistPipeline.~~~wWBdL4/Root/BCSymbolMaps/3BCDC802-A655-39F5-8053-E13E4C4A67F3.bcsymbolmap'
2020-06-16 00:35:53 +0000  >>> Copying /Users/mbairgit/Library/Developer/Xcode/Archives/2020-06-15/FinsusGit 6-15-20, 7.06 PM.xcarchive/BCSymbolMaps/3BCDC802-A655-39F5-8053-E13E4C4A67F3.bcsymbolmap 
2020-06-16 00:35:53 +0000  copying file ./3BCDC802-A655-39F5-8053-E13E4C4A67F3.bcsymbolmap ... 
2020-06-16 00:35:53 +0000  3486821 bytes for ./3BCDC802-A655-39F5-8053-E13E4C4A67F3.bcsymbolmap
2020-06-16 00:35:53 +0000  /usr/bin/ditto exited with 0
2020-06-16 00:35:53 +0000  Running /usr/bin/ditto '-V' '/Users/mbairgit/Library/Developer/Xcode/Archives/2020-06-15/FinsusGit 6-15-20, 7.06 PM.xcarchive/BCSymbolMaps/2B84A69A-E8C9-3FB7-87A7-E373C2535FE8.bcsymbolmap' '/var/folders/x4/jzmpkkgn0sv0x_cx3tvpp9fm0000gn/T/XcodeDistPipeline.~~~wWBdL4/Root/BCSymbolMaps/2B84A69A-E8C9-3FB7-87A7-E373C2535FE8.bcsymbolmap'
2020-06-16 00:35:53 +0000  >>> Copying /Users/mbairgit/Library/Developer/Xcode/Archives/2020-06-15/FinsusGit 6-15-20, 7.06 PM.xcarchive/BCSymbolMaps/2B84A69A-E8C9-3FB7-87A7-E373C2535FE8.bcsymbolmap 
2020-06-16 00:35:53 +0000  copying file ./2B84A69A-E8C9-3FB7-87A7-E373C2535FE8.bcsymbolmap ... 
2020-06-16 00:35:53 +0000  3608851 bytes for ./2B84A69A-E8C9-3FB7-87A7-E373C2535FE8.bcsymbolmap
2020-06-16 00:35:53 +0000  /usr/bin/ditto exited with 0
2020-06-16 00:35:53 +0000  Processing step: IDEDistributionSymbolsStep
2020-06-16 00:35:53 +0000  Excluding symbols for Finsus.app
2020-06-16 00:35:53 +0000  Processing step: IDEDistributionCopyAppleProvidedContentStep
2020-06-16 00:35:53 +0000  Processing step: IDEDistributionAppThinningStep
2020-06-16 00:35:53 +0000  Skipping step: IDEDistributionAppThinningStep because it said so
2020-06-16 00:35:53 +0000  Processing step: IDEDistributionArchThinningStep
2020-06-16 00:35:53 +0000  Running /Applications/Xcode.app/Contents/Developer/Toolchains/XcodeDefault.xctoolchain/usr/bin/lipo '/var/folders/x4/jzmpkkgn0sv0x_cx3tvpp9fm0000gn/T/XcodeDistPipeline.~~~wWBdL4/Root/Payload/Finsus.app/Finsus' '-verify_arch' 'arm64e'
2020-06-16 00:35:53 +0000  /Applications/Xcode.app/Contents/Developer/Toolchains/XcodeDefault.xctoolchain/usr/bin/lipo exited with 1
2020-06-16 00:35:53 +0000  Skipping architecture thinning for item "Finsus" because arch "arm64e" wasn't found
2020-06-16 00:35:53 +0000  Processing step: IDEDistributionODRStep
2020-06-16 00:35:53 +0000  Processing step: IDEDistributionStripXattrsStep
2020-06-16 00:35:53 +0000  Running /usr/bin/xattr '-crs' '/var/folders/x4/jzmpkkgn0sv0x_cx3tvpp9fm0000gn/T/XcodeDistPipeline.~~~wWBdL4/Root/Payload/Finsus.app'
2020-06-16 00:35:54 +0000  /usr/bin/xattr exited with 0
2020-06-16 00:35:54 +0000  Processing step: IDEDistributionCodesignStep
2020-06-16 00:35:54 +0000  Entitlements for <IDEDistributionItem: 0x7feedf0861f0; bundleID='com.financierasustentable.finsus', path='<DVTFilePath:0x7feefc4c2fe0:'/Users/mbairgit/Library/Developer/Xcode/Archives/2020-06-15/FinsusGit 6-15-20, 7.06 PM.xcarchive/Products/Applications/Finsus.app'>', codeSigningInfo='<_DVTCodeSigningInformation_Path: 0x7feedf18a8d0; isSigned='1', isAdHocSigned='0', signingCertificate='<DVTSigningCertificate: 0x7feef7947b40; name='Apple Development: Luis Marmolejo (3AR3AXH6PC)', hash='66091025B9173C72412A6E512731E9B0F5D8FE1B', serialNumber='523E8FAEEF5D37C2', certificateKinds='(
    "1.2.840.113635.100.6.1.12",
    "1.2.840.113635.100.6.1.2"
), issueDate='2020-06-15 23:11:56 +0000''>', entitlements='{
    "application-identifier" = "KCYAV47FA6.com.financierasustentable.finsus";
    "com.apple.developer.team-identifier" = KCYAV47FA6;
    "get-task-allow" = 1;
    "keychain-access-groups" =     (
        "KCYAV47FA6.com.financierasustentable.finsus"
    );
}', teamID='KCYAV47FA6', identifier='com.financierasustentable.finsus', executablePath='<DVTFilePath:0x7feedf4a3aa0:'/Users/mbairgit/Library/Developer/Xcode/Archives/2020-06-15/FinsusGit 6-15-20, 7.06 PM.xcarchive/Products/Applications/Finsus.app/Finsus'>', hardenedRuntime='0'>'>: {
    "application-identifier" = "KCYAV47FA6.com.financierasustentable.finsus";
    "beta-reports-active" = 1;
    "com.apple.developer.team-identifier" = KCYAV47FA6;
    "get-task-allow" = 0;
    "keychain-access-groups" =     (
        "KCYAV47FA6.com.financierasustentable.finsus"
    );
}
2020-06-16 00:35:54 +0000  Writing entitlements for <IDEDistributionItem: 0x7feedf0861f0; bundleID='com.financierasustentable.finsus', path='<DVTFilePath:0x7feefc4c2fe0:'/Users/mbairgit/Library/Developer/Xcode/Archives/2020-06-15/FinsusGit 6-15-20, 7.06 PM.xcarchive/Products/Applications/Finsus.app'>', codeSigningInfo='<_DVTCodeSigningInformation_Path: 0x7feedf18a8d0; isSigned='1', isAdHocSigned='0', signingCertificate='<DVTSigningCertificate: 0x7feedf69db90; name='Apple Development: Luis Marmolejo (3AR3AXH6PC)', hash='66091025B9173C72412A6E512731E9B0F5D8FE1B', serialNumber='523E8FAEEF5D37C2', certificateKinds='(
    "1.2.840.113635.100.6.1.12",
    "1.2.840.113635.100.6.1.2"
), issueDate='2020-06-15 23:11:56 +0000''>', entitlements='{
    "application-identifier" = "KCYAV47FA6.com.financierasustentable.finsus";
    "com.apple.developer.team-identifier" = KCYAV47FA6;
    "get-task-allow" = 1;
    "keychain-access-groups" =     (
        "KCYAV47FA6.com.financierasustentable.finsus"
    );
}', teamID='KCYAV47FA6', identifier='com.financierasustentable.finsus', executablePath='<DVTFilePath:0x7feedf4a3aa0:'/Users/mbairgit/Library/Developer/Xcode/Archives/2020-06-15/FinsusGit 6-15-20, 7.06 PM.xcarchive/Products/Applications/Finsus.app/Finsus'>', hardenedRuntime='0'>'> to: /var/folders/x4/jzmpkkgn0sv0x_cx3tvpp9fm0000gn/T/XcodeDistPipeline.~~~wWBdL4/entitlements~~~eZJPQc
2020-06-16 00:35:54 +0000  Running /usr/bin/codesign '-vvv' '--force' '--sign' '8AB4305D82B2388DBC05178C02E49C0996BA2AC1' '--entitlements' '/var/folders/x4/jzmpkkgn0sv0x_cx3tvpp9fm0000gn/T/XcodeDistPipeline.~~~wWBdL4/entitlements~~~eZJPQc' '--preserve-metadata=identifier,flags,runtime' '/var/folders/x4/jzmpkkgn0sv0x_cx3tvpp9fm0000gn/T/XcodeDistPipeline.~~~wWBdL4/Root/Payload/Finsus.app'
2020-06-16 00:36:02 +0000  /var/folders/x4/jzmpkkgn0sv0x_cx3tvpp9fm0000gn/T/XcodeDistPipeline.~~~wWBdL4/Root/Payload/Finsus.app: signed app bundle with Mach-O universal (armv7 arm64) [com.financierasustentable.finsus]
2020-06-16 00:36:02 +0000  /usr/bin/codesign exited with 0
2020-06-16 00:36:02 +0000  Processing step: IDEDistributionZipODRItemStep
2020-06-16 00:36:02 +0000  Skipping step: IDEDistributionZipODRItemStep because it said so
2020-06-16 00:36:02 +0000  Processing step: IDEDistributionCreateIPAStep
2020-06-16 00:36:02 +0000  Running /usr/bin/ditto '-V' '-c' '-k' '--norsrc' '/var/folders/x4/jzmpkkgn0sv0x_cx3tvpp9fm0000gn/T/XcodeDistPipeline.~~~wWBdL4/Root' '/var/folders/x4/jzmpkkgn0sv0x_cx3tvpp9fm0000gn/T/XcodeDistPipeline.~~~wWBdL4/Packages/FinsusGit.ipa'
2020-06-16 00:36:02 +0000  >>> Copying /var/folders/x4/jzmpkkgn0sv0x_cx3tvpp9fm0000gn/T/XcodeDistPipeline.~~~wWBdL4/Root 
2020-06-16 00:36:02 +0000  copying file ./BCSymbolMaps/2B84A69A-E8C9-3FB7-87A7-E373C2535FE8.bcsymbolmap ... 
2020-06-16 00:36:02 +0000  3608851 bytes for ./BCSymbolMaps/2B84A69A-E8C9-3FB7-87A7-E373C2535FE8.bcsymbolmap
copying file ./BCSymbolMaps/3BCDC802-A655-39F5-8053-E13E4C4A67F3.bcsymbolmap ... 
2020-06-16 00:36:02 +0000  3486821 bytes for ./BCSymbolMaps/3BCDC802-A655-39F5-8053-E13E4C4A67F3.bcsymbolmap
2020-06-16 00:36:02 +0000  copying file ./Payload/Finsus.app/_CodeSignature/CodeResources ... 
2020-06-16 00:36:02 +0000  55727 bytes for ./Payload/Finsus.app/_CodeSignature/CodeResources
2020-06-16 00:36:02 +0000  copying file ./Payload/Finsus.app/Fontisto.ttf ... 
2020-06-16 00:36:02 +0000  313528 bytes for ./Payload/Finsus.app/Fontisto.ttf
copying file ./Payload/Finsus.app/Octicons.ttf ... 
2020-06-16 00:36:02 +0000  28364 bytes for ./Payload/Finsus.app/Octicons.ttf
copying file ./Payload/Finsus.app/Roboto-Medium.ttf ... 
2020-06-16 00:36:02 +0000  171656 bytes for ./Payload/Finsus.app/Roboto-Medium.ttf
2020-06-16 00:36:02 +0000  copying file ./Payload/Finsus.app/Feather.ttf ... 
2020-06-16 00:36:02 +0000  58272 bytes for ./Payload/Finsus.app/Feather.ttf
2020-06-16 00:36:02 +0000  copying file ./Payload/Finsus.app/Roboto-Light.ttf ... 
2020-06-16 00:36:02 +0000  170012 bytes for ./Payload/Finsus.app/Roboto-Light.ttf
2020-06-16 00:36:02 +0000  copying file ./Payload/Finsus.app/AppIcon20x20@2x.png ... 
1102 bytes for ./Payload/Finsus.app/AppIcon20x20@2x.png
copying file ./Payload/Finsus.app/Montserrat-Medium.ttf ... 
2020-06-16 00:36:02 +0000  243180 bytes for ./Payload/Finsus.app/Montserrat-Medium.ttf
2020-06-16 00:36:02 +0000  copying file ./Payload/Finsus.app/Entypo.ttf ... 
2020-06-16 00:36:02 +0000  65584 bytes for ./Payload/Finsus.app/Entypo.ttf
copying file ./Payload/Finsus.app/AppIcon20x20@3x.png ... 
2020-06-16 00:36:02 +0000  1744 bytes for ./Payload/Finsus.app/AppIcon20x20@3x.png
2020-06-16 00:36:02 +0000  copying file ./Payload/Finsus.app/FontAwesome5_Brands.ttf ... 
2020-06-16 00:36:02 +0000  125016 bytes for ./Payload/Finsus.app/FontAwesome5_Brands.ttf
2020-06-16 00:36:02 +0000  copying file ./Payload/Finsus.app/AppIcon29x29.png ... 
2020-06-16 00:36:02 +0000  748 bytes for ./Payload/Finsus.app/AppIcon29x29.png
copying file ./Payload/Finsus.app/MaterialCommunityIcons.ttf ... 
2020-06-16 00:36:02 +0000  546548 bytes for ./Payload/Finsus.app/MaterialCommunityIcons.ttf
2020-06-16 00:36:02 +0000  copying file ./Payload/Finsus.app/Roboto-Regular.ttf ... 
2020-06-16 00:36:02 +0000  171272 bytes for ./Payload/Finsus.app/Roboto-Regular.ttf
copying file ./Payload/Finsus.app/AppIcon60x60@2x.png ... 
2020-06-16 00:36:02 +0000  3502 bytes for ./Payload/Finsus.app/AppIcon60x60@2x.png
2020-06-16 00:36:02 +0000  copying file ./Payload/Finsus.app/Montserrat-Light.ttf ... 
2020-06-16 00:36:02 +0000  242068 bytes for ./Payload/Finsus.app/Montserrat-Light.ttf
2020-06-16 00:36:02 +0000  copying file ./Payload/Finsus.app/AppIcon29x29@2x.png ... 
2020-06-16 00:36:02 +0000  1658 bytes for ./Payload/Finsus.app/AppIcon29x29@2x.png
copying file ./Payload/Finsus.app/AntDesign.ttf ... 
2020-06-16 00:36:02 +0000  70344 bytes for ./Payload/Finsus.app/AntDesign.ttf
copying file ./Payload/Finsus.app/AppIcon40x40@3x.png ... 
2020-06-16 00:36:02 +0000  3502 bytes for ./Payload/Finsus.app/AppIcon40x40@3x.png
2020-06-16 00:36:02 +0000  copying file ./Payload/Finsus.app/Foundation.ttf ... 
2020-06-16 00:36:02 +0000  56976 bytes for ./Payload/Finsus.app/Foundation.ttf
2020-06-16 00:36:02 +0000  copying file ./Payload/Finsus.app/Montserrat-Bold.ttf ... 
2020-06-16 00:36:02 +0000  244468 bytes for ./Payload/Finsus.app/Montserrat-Bold.ttf
2020-06-16 00:36:02 +0000  copying file ./Payload/Finsus.app/AppIcon29x29~ipad.png ... 
748 bytes for ./Payload/Finsus.app/AppIcon29x29~ipad.png
copying file ./Payload/Finsus.app/Ionicons.ttf ... 
2020-06-16 00:36:02 +0000  112472 bytes for ./Payload/Finsus.app/Ionicons.ttf
2020-06-16 00:36:02 +0000  copying file ./Payload/Finsus.app/FontAwesome5_Solid.ttf ... 
2020-06-16 00:36:02 +0000  186228 bytes for ./Payload/Finsus.app/FontAwesome5_Solid.ttf
2020-06-16 00:36:02 +0000  copying file ./Payload/Finsus.app/AppIcon40x40@2x.png ... 
2462 bytes for ./Payload/Finsus.app/AppIcon40x40@2x.png
2020-06-16 00:36:02 +0000  copying file ./Payload/Finsus.app/FontAwesome5_Regular.ttf ... 
2020-06-16 00:36:02 +0000  34092 bytes for ./Payload/Finsus.app/FontAwesome5_Regular.ttf
2020-06-16 00:36:02 +0000  copying file ./Payload/Finsus.app/AppIcon29x29@3x.png ... 
2020-06-16 00:36:02 +0000  2640 bytes for ./Payload/Finsus.app/AppIcon29x29@3x.png
copying file ./Payload/Finsus.app/AppIcon60x60@3x.png ... 
2020-06-16 00:36:02 +0000  5153 bytes for ./Payload/Finsus.app/AppIcon60x60@3x.png
2020-06-16 00:36:02 +0000  copying file ./Payload/Finsus.app/Base.lproj/LaunchScreen.nib/objects-13.0+.nib ... 
2020-06-16 00:36:02 +0000  936 bytes for ./Payload/Finsus.app/Base.lproj/LaunchScreen.nib/objects-13.0+.nib
2020-06-16 00:36:02 +0000  copying file ./Payload/Finsus.app/Base.lproj/LaunchScreen.nib/runtime.nib ... 
936 bytes for ./Payload/Finsus.app/Base.lproj/LaunchScreen.nib/runtime.nib
copying file ./Payload/Finsus.app/FontAwesome.ttf ... 
2020-06-16 00:36:02 +0000  165548 bytes for ./Payload/Finsus.app/FontAwesome.ttf
copying file ./Payload/Finsus.app/Zocial.ttf ... 
2020-06-16 00:36:02 +0000  25552 bytes for ./Payload/Finsus.app/Zocial.ttf
2020-06-16 00:36:02 +0000  copying file ./Payload/Finsus.app/Assets.car ... 
2020-06-16 00:36:02 +0000  85576 bytes for ./Payload/Finsus.app/Assets.car
2020-06-16 00:36:02 +0000  copying file ./Payload/Finsus.app/Finsus ... 
2020-06-16 00:36:08 +0000  100370288 bytes for ./Payload/Finsus.app/Finsus
copying file ./Payload/Finsus.app/Montserrat-SemiBold.ttf ... 
2020-06-16 00:36:08 +0000  243816 bytes for ./Payload/Finsus.app/Montserrat-SemiBold.ttf
2020-06-16 00:36:08 +0000  copying file ./Payload/Finsus.app/AppIcon40x40@2x~ipad.png ... 
2462 bytes for ./Payload/Finsus.app/AppIcon40x40@2x~ipad.png
2020-06-16 00:36:08 +0000  copying file ./Payload/Finsus.app/EvilIcons.ttf ... 
2020-06-16 00:36:08 +0000  13456 bytes for ./Payload/Finsus.app/EvilIcons.ttf
copying file ./Payload/Finsus.app/AppIcon76x76@2x~ipad.png ... 
2020-06-16 00:36:08 +0000  4217 bytes for ./Payload/Finsus.app/AppIcon76x76@2x~ipad.png
2020-06-16 00:36:08 +0000  copying file ./Payload/Finsus.app/main.jsbundle ... 
2020-06-16 00:36:08 +0000  2932351 bytes for ./Payload/Finsus.app/main.jsbundle
2020-06-16 00:36:08 +0000  copying file ./Payload/Finsus.app/AppIcon83.5x83.5@2x~ipad.png ... 
2020-06-16 00:36:08 +0000  4700 bytes for ./Payload/Finsus.app/AppIcon83.5x83.5@2x~ipad.png
copying file ./Payload/Finsus.app/AppIcon29x29@2x~ipad.png ... 
2020-06-16 00:36:08 +0000  1658 bytes for ./Payload/Finsus.app/AppIcon29x29@2x~ipad.png
2020-06-16 00:36:08 +0000  copying file ./Payload/Finsus.app/Montserrat-Regular.ttf ... 
2020-06-16 00:36:08 +0000  245708 bytes for ./Payload/Finsus.app/Montserrat-Regular.ttf
copying file ./Payload/Finsus.app/AppIcon40x40~ipad.png ... 
2020-06-16 00:36:08 +0000  1102 bytes for ./Payload/Finsus.app/AppIcon40x40~ipad.png
2020-06-16 00:36:08 +0000  copying file ./Payload/Finsus.app/AppIcon20x20~ipad.png ... 
2020-06-16 00:36:08 +0000  517 bytes for ./Payload/Finsus.app/AppIcon20x20~ipad.png
copying file ./Payload/Finsus.app/SimpleLineIcons.ttf ... 
2020-06-16 00:36:08 +0000  54056 bytes for ./Payload/Finsus.app/SimpleLineIcons.ttf
2020-06-16 00:36:08 +0000  copying file ./Payload/Finsus.app/embedded.mobileprovision ... 
2020-06-16 00:36:08 +0000  11570 bytes for ./Payload/Finsus.app/embedded.mobileprovision
copying file ./Payload/Finsus.app/Roboto-Bold.ttf ... 
2020-06-16 00:36:08 +0000  170348 bytes for ./Payload/Finsus.app/Roboto-Bold.ttf
2020-06-16 00:36:08 +0000  copying file ./Payload/Finsus.app/assets/app.json ... 
50 bytes for ./Payload/Finsus.app/assets/app.json
2020-06-16 00:36:08 +0000  copying file ./Payload/Finsus.app/assets/node_modules/css-tree/dist/default-syntax.json ... 
2020-06-16 00:36:08 +0000  57784 bytes for ./Payload/Finsus.app/assets/node_modules/css-tree/dist/default-syntax.json
2020-06-16 00:36:08 +0000  copying file ./Payload/Finsus.app/assets/node_modules/dom-serializer/foreignNames.json ... 
2020-06-16 00:36:08 +0000  3149 bytes for ./Payload/Finsus.app/assets/node_modules/dom-serializer/foreignNames.json
2020-06-16 00:36:08 +0000  copying file ./Payload/Finsus.app/assets/node_modules/dom-serializer/node_modules/entities/lib/maps/xml.json ... 
2020-06-16 00:36:08 +0000  64 bytes for ./Payload/Finsus.app/assets/node_modules/dom-serializer/node_modules/entities/lib/maps/xml.json
copying file ./Payload/Finsus.app/assets/node_modules/dom-serializer/node_modules/entities/lib/maps/decode.json ... 
356 bytes for ./Payload/Finsus.app/assets/node_modules/dom-serializer/node_modules/entities/lib/maps/decode.json
copying file ./Payload/Finsus.app/assets/node_modules/dom-serializer/node_modules/entities/lib/maps/entities.json ... 
2020-06-16 00:36:08 +0000  44868 bytes for ./Payload/Finsus.app/assets/node_modules/dom-serializer/node_modules/entities/lib/maps/entities.json
2020-06-16 00:36:08 +0000  copying file ./Payload/Finsus.app/assets/node_modules/dom-serializer/node_modules/entities/lib/maps/legacy.json ... 
1961 bytes for ./Payload/Finsus.app/assets/node_modules/dom-serializer/node_modules/entities/lib/maps/legacy.json
2020-06-16 00:36:08 +0000  copying file ./Payload/Finsus.app/assets/node_modules/react-navigation-stack/lib/module/views/assets/back-icon@3x.png ... 
2020-06-16 00:36:08 +0000  761 bytes for ./Payload/Finsus.app/assets/node_modules/react-navigation-stack/lib/module/views/assets/back-icon@3x.png
2020-06-16 00:36:08 +0000  copying file ./Payload/Finsus.app/assets/node_modules/react-navigation-stack/lib/module/views/assets/back-icon@2x.png ... 
405 bytes for ./Payload/Finsus.app/assets/node_modules/react-navigation-stack/lib/module/views/assets/back-icon@2x.png
2020-06-16 00:36:08 +0000  copying file ./Payload/Finsus.app/assets/node_modules/react-navigation-stack/lib/module/views/assets/back-icon.png ... 
2020-06-16 00:36:08 +0000  290 bytes for ./Payload/Finsus.app/assets/node_modules/react-navigation-stack/lib/module/views/assets/back-icon.png
copying file ./Payload/Finsus.app/assets/node_modules/react-navigation-stack/lib/module/views/assets/back-icon-mask.png ... 
2020-06-16 00:36:08 +0000  1619 bytes for ./Payload/Finsus.app/assets/node_modules/react-navigation-stack/lib/module/views/assets/back-icon-mask.png
2020-06-16 00:36:08 +0000  copying file ./Payload/Finsus.app/assets/node_modules/css-select/lib/procedure.json ... 
2020-06-16 00:36:08 +0000  145 bytes for ./Payload/Finsus.app/assets/node_modules/css-select/lib/procedure.json
2020-06-16 00:36:08 +0000  copying file ./Payload/Finsus.app/assets/node_modules/react-native-vector-icons/glyphmaps/Ionicons.json ... 
2020-06-16 00:36:08 +0000  17166 bytes for ./Payload/Finsus.app/assets/node_modules/react-native-vector-icons/glyphmaps/Ionicons.json
2020-06-16 00:36:08 +0000  copying file ./Payload/Finsus.app/assets/node_modules/react-native-vector-icons/glyphmaps/Fontisto.json ... 
2020-06-16 00:36:08 +0000  13107 bytes for ./Payload/Finsus.app/assets/node_modules/react-native-vector-icons/glyphmaps/Fontisto.json
2020-06-16 00:36:08 +0000  copying file ./Payload/Finsus.app/assets/node_modules/react-native-vector-icons/glyphmaps/EvilIcons.json ... 
2020-06-16 00:36:08 +0000  1454 bytes for ./Payload/Finsus.app/assets/node_modules/react-native-vector-icons/glyphmaps/EvilIcons.json
copying file ./Payload/Finsus.app/assets/node_modules/react-native-vector-icons/glyphmaps/Octicons.json ... 
2020-06-16 00:36:08 +0000  3992 bytes for ./Payload/Finsus.app/assets/node_modules/react-native-vector-icons/glyphmaps/Octicons.json
2020-06-16 00:36:08 +0000  copying file ./Payload/Finsus.app/assets/node_modules/react-native-vector-icons/glyphmaps/FontAwesome.json ... 
2020-06-16 00:36:08 +0000  17437 bytes for ./Payload/Finsus.app/assets/node_modules/react-native-vector-icons/glyphmaps/FontAwesome.json
2020-06-16 00:36:08 +0000  copying file ./Payload/Finsus.app/assets/node_modules/react-native-vector-icons/glyphmaps/MaterialIcons.json ... 
2020-06-16 00:36:08 +0000  22815 bytes for ./Payload/Finsus.app/assets/node_modules/react-native-vector-icons/glyphmaps/MaterialIcons.json
2020-06-16 00:36:08 +0000  copying file ./Payload/Finsus.app/assets/node_modules/react-native-vector-icons/glyphmaps/Entypo.json ... 
2020-06-16 00:36:08 +0000  9486 bytes for ./Payload/Finsus.app/assets/node_modules/react-native-vector-icons/glyphmaps/Entypo.json
2020-06-16 00:36:08 +0000  copying file ./Payload/Finsus.app/assets/node_modules/react-native-vector-icons/glyphmaps/SimpleLineIcons.json ... 
2020-06-16 00:36:08 +0000  4102 bytes for ./Payload/Finsus.app/assets/node_modules/react-native-vector-icons/glyphmaps/SimpleLineIcons.json
copying file ./Payload/Finsus.app/assets/node_modules/react-native-vector-icons/glyphmaps/AntDesign.json ... 
2020-06-16 00:36:08 +0000  6303 bytes for ./Payload/Finsus.app/assets/node_modules/react-native-vector-icons/glyphmaps/AntDesign.json
2020-06-16 00:36:08 +0000  copying file ./Payload/Finsus.app/assets/node_modules/react-native-vector-icons/glyphmaps/Feather.json ... 
2020-06-16 00:36:08 +0000  5933 bytes for ./Payload/Finsus.app/assets/node_modules/react-native-vector-icons/glyphmaps/Feather.json
2020-06-16 00:36:08 +0000  copying file ./Payload/Finsus.app/assets/node_modules/react-native-vector-icons/glyphmaps/MaterialCommunityIcons.json ... 
2020-06-16 00:36:08 +0000  97065 bytes for ./Payload/Finsus.app/assets/node_modules/react-native-vector-icons/glyphmaps/MaterialCommunityIcons.json
2020-06-16 00:36:08 +0000  copying file ./Payload/Finsus.app/assets/node_modules/react-native-vector-icons/glyphmaps/Foundation.json ... 
2020-06-16 00:36:08 +0000  6417 bytes for ./Payload/Finsus.app/assets/node_modules/react-native-vector-icons/glyphmaps/Foundation.json
2020-06-16 00:36:08 +0000  copying file ./Payload/Finsus.app/assets/node_modules/react-native-vector-icons/glyphmaps/Zocial.json ... 
2020-06-16 00:36:08 +0000  2013 bytes for ./Payload/Finsus.app/assets/node_modules/react-native-vector-icons/glyphmaps/Zocial.json
2020-06-16 00:36:08 +0000  copying file ./Payload/Finsus.app/assets/node_modules/react-native-calendars/src/calendar/img/previous@2x.png ... 
2020-06-16 00:36:08 +0000  458 bytes for ./Payload/Finsus.app/assets/node_modules/react-native-calendars/src/calendar/img/previous@2x.png
copying file ./Payload/Finsus.app/assets/node_modules/react-native-calendars/src/calendar/img/next@2x.png ... 
2020-06-16 00:36:08 +0000  462 bytes for ./Payload/Finsus.app/assets/node_modules/react-native-calendars/src/calendar/img/next@2x.png
2020-06-16 00:36:08 +0000  copying file ./Payload/Finsus.app/assets/node_modules/react-native-calendars/src/img/down@3x.png ... 
2020-06-16 00:36:08 +0000  508 bytes for ./Payload/Finsus.app/assets/node_modules/react-native-calendars/src/img/down@3x.png
copying file ./Payload/Finsus.app/assets/node_modules/react-native-calendars/src/img/down@2x.png ... 
2020-06-16 00:36:08 +0000  354 bytes for ./Payload/Finsus.app/assets/node_modules/react-native-calendars/src/img/down@2x.png
2020-06-16 00:36:08 +0000  copying file ./Payload/Finsus.app/assets/node_modules/react-native-calendars/src/img/up.png ... 
2020-06-16 00:36:08 +0000  215 bytes for ./Payload/Finsus.app/assets/node_modules/react-native-calendars/src/img/up.png
copying file ./Payload/Finsus.app/assets/node_modules/react-native-calendars/src/img/down.png ... 
2020-06-16 00:36:08 +0000  208 bytes for ./Payload/Finsus.app/assets/node_modules/react-native-calendars/src/img/down.png
copying file ./Payload/Finsus.app/assets/node_modules/react-native-calendars/src/img/up@2x.png ... 
2020-06-16 00:36:08 +0000  347 bytes for ./Payload/Finsus.app/assets/node_modules/react-native-calendars/src/img/up@2x.png
copying file ./Payload/Finsus.app/assets/node_modules/react-native-calendars/src/img/up@3x.png ... 
2020-06-16 00:36:08 +0000  504 bytes for ./Payload/Finsus.app/assets/node_modules/react-native-calendars/src/img/up@3x.png
2020-06-16 00:36:08 +0000  copying file ./Payload/Finsus.app/assets/node_modules/realm/package.json ... 
2020-06-16 00:36:08 +0000  5325 bytes for ./Payload/Finsus.app/assets/node_modules/realm/package.json
2020-06-16 00:36:08 +0000  copying file ./Payload/Finsus.app/assets/assets/images/depositar.png ... 
2020-06-16 00:36:08 +0000  96685 bytes for ./Payload/Finsus.app/assets/assets/images/depositar.png
2020-06-16 00:36:08 +0000  copying file ./Payload/Finsus.app/assets/assets/images/user-id-back.png ... 
2020-06-16 00:36:08 +0000  5771 bytes for ./Payload/Finsus.app/assets/assets/images/user-id-back.png
copying file ./Payload/Finsus.app/assets/assets/images/onboarding-header.png ... 
2020-06-16 00:36:08 +0000  44732 bytes for ./Payload/Finsus.app/assets/assets/images/onboarding-header.png
copying file ./Payload/Finsus.app/assets/assets/images/user-selfie-logo.png ... 
2020-06-16 00:36:08 +0000  7478 bytes for ./Payload/Finsus.app/assets/assets/images/user-selfie-logo.png
copying file ./Payload/Finsus.app/assets/assets/images/finsusApp.png ... 
2020-06-16 00:36:08 +0000  10249 bytes for ./Payload/Finsus.app/assets/assets/images/finsusApp.png
2020-06-16 00:36:08 +0000  copying file ./Payload/Finsus.app/assets/assets/images/user-video.png ... 
2020-06-16 00:36:08 +0000  5951 bytes for ./Payload/Finsus.app/assets/assets/images/user-video.png
copying file ./Payload/Finsus.app/assets/assets/images/welcome-01.png ... 
2020-06-16 00:36:08 +0000  186620 bytes for ./Payload/Finsus.app/assets/assets/images/welcome-01.png
2020-06-16 00:36:08 +0000  copying file ./Payload/Finsus.app/assets/assets/images/facematch.png ... 
8699 bytes for ./Payload/Finsus.app/assets/assets/images/facematch.png
copying file ./Payload/Finsus.app/assets/assets/images/welcome-03.png ... 
2020-06-16 00:36:08 +0000  173840 bytes for ./Payload/Finsus.app/assets/assets/images/welcome-03.png
copying file ./Payload/Finsus.app/assets/assets/images/indicator-wifi.png ... 
2020-06-16 00:36:08 +0000  13882 bytes for ./Payload/Finsus.app/assets/assets/images/indicator-wifi.png
copying file ./Payload/Finsus.app/assets/assets/images/welcome-02.png ... 
2020-06-16 00:36:08 +0000  383871 bytes for ./Payload/Finsus.app/assets/assets/images/welcome-02.png
2020-06-16 00:36:08 +0000  copying file ./Payload/Finsus.app/assets/assets/images/indicator-light.png ... 
2020-06-16 00:36:08 +0000  10132 bytes for ./Payload/Finsus.app/assets/assets/images/indicator-light.png
2020-06-16 00:36:08 +0000  copying file ./Payload/Finsus.app/assets/assets/images/welcome-04.png ... 
2020-06-16 00:36:08 +0000  275567 bytes for ./Payload/Finsus.app/assets/assets/images/welcome-04.png
copying file ./Payload/Finsus.app/assets/assets/images/finsus-debitcard.png ... 
2020-06-16 00:36:08 +0000  67897 bytes for ./Payload/Finsus.app/assets/assets/images/finsus-debitcard.png
copying file ./Payload/Finsus.app/assets/assets/images/promo-1.png ... 
2020-06-16 00:36:08 +0000  36226 bytes for ./Payload/Finsus.app/assets/assets/images/promo-1.png
copying file ./Payload/Finsus.app/assets/assets/images/promo-2.png ... 
2020-06-16 00:36:08 +0000  33792 bytes for ./Payload/Finsus.app/assets/assets/images/promo-2.png
copying file ./Payload/Finsus.app/assets/assets/images/user-logo.png ... 
2020-06-16 00:36:08 +0000  4872 bytes for ./Payload/Finsus.app/assets/assets/images/user-logo.png
copying file ./Payload/Finsus.app/assets/assets/images/finsusLogoBlanco.png ... 
2020-06-16 00:36:08 +0000  54684 bytes for ./Payload/Finsus.app/assets/assets/images/finsusLogoBlanco.png
copying file ./Payload/Finsus.app/assets/assets/images/camFrame.png ... 
2020-06-16 00:36:08 +0000  16704 bytes for ./Payload/Finsus.app/assets/assets/images/camFrame.png
copying file ./Payload/Finsus.app/assets/assets/images/indicator-docs.png ... 
2020-06-16 00:36:08 +0000  11122 bytes for ./Payload/Finsus.app/assets/assets/images/indicator-docs.png
copying file ./Payload/Finsus.app/assets/assets/images/user-id-front.png ... 
2020-06-16 00:36:08 +0000  6237 bytes for ./Payload/Finsus.app/assets/assets/images/user-id-front.png
copying file ./Payload/Finsus.app/assets/assets/images/finsusLogo.png ... 
2020-06-16 00:36:08 +0000  69741 bytes for ./Payload/Finsus.app/assets/assets/images/finsusLogo.png
2020-06-16 00:36:08 +0000  copying file ./Payload/Finsus.app/assets/assets/icons/key-white.png ... 
2020-06-16 00:36:08 +0000  2792 bytes for ./Payload/Finsus.app/assets/assets/icons/key-white.png
2020-06-16 00:36:08 +0000  copying file ./Payload/Finsus.app/assets/assets/icons/iniciarCamara.png ... 
2020-06-16 00:36:08 +0000  2244 bytes for ./Payload/Finsus.app/assets/assets/icons/iniciarCamara.png
copying file ./Payload/Finsus.app/assets/assets/icons/transferir.png ... 
2020-06-16 00:36:08 +0000  1615 bytes for ./Payload/Finsus.app/assets/assets/icons/transferir.png
2020-06-16 00:36:08 +0000  copying file ./Payload/Finsus.app/assets/assets/icons/corner-downright.png ... 
2020-06-16 00:36:08 +0000  767 bytes for ./Payload/Finsus.app/assets/assets/icons/corner-downright.png
copying file ./Payload/Finsus.app/assets/assets/icons/briefcaseBlue.png ... 
2020-06-16 00:36:08 +0000  1870 bytes for ./Payload/Finsus.app/assets/assets/icons/briefcaseBlue.png
copying file ./Payload/Finsus.app/assets/assets/icons/email-white.png ... 
2020-06-16 00:36:08 +0000  2451 bytes for ./Payload/Finsus.app/assets/assets/icons/email-white.png
2020-06-16 00:36:08 +0000  copying file ./Payload/Finsus.app/assets/assets/icons/invitar-amigo.png ... 
2020-06-16 00:36:08 +0000  3930 bytes for ./Payload/Finsus.app/assets/assets/icons/invitar-amigo.png
2020-06-16 00:36:08 +0000  copying file ./Payload/Finsus.app/assets/assets/icons/favorito.png ... 
2020-06-16 00:36:08 +0000  7397 bytes for ./Payload/Finsus.app/assets/assets/icons/favorito.png
2020-06-16 00:36:08 +0000  copying file ./Payload/Finsus.app/assets/assets/icons/operation-fail.png ... 
2020-06-16 00:36:08 +0000  1647 bytes for ./Payload/Finsus.app/assets/assets/icons/operation-fail.png
copying file ./Payload/Finsus.app/assets/assets/icons/show-password.png ... 
2020-06-16 00:36:08 +0000  2174 bytes for ./Payload/Finsus.app/assets/assets/icons/show-password.png
copying file ./Payload/Finsus.app/assets/assets/icons/read-privacy.png ... 
2020-06-16 00:36:08 +0000  7432 bytes for ./Payload/Finsus.app/assets/assets/icons/read-privacy.png
copying file ./Payload/Finsus.app/assets/assets/icons/key.png ... 
2020-06-16 00:36:08 +0000  440 bytes for ./Payload/Finsus.app/assets/assets/icons/key.png
copying file ./Payload/Finsus.app/assets/assets/icons/sobre.png ... 
771 bytes for ./Payload/Finsus.app/assets/assets/icons/sobre.png
copying file ./Payload/Finsus.app/assets/assets/icons/lock.png ... 
1625 bytes for ./Payload/Finsus.app/assets/assets/icons/lock.png
copying file ./Payload/Finsus.app/assets/assets/icons/removeCircle.png ... 
2059 bytes for ./Payload/Finsus.app/assets/assets/icons/removeCircle.png
copying file ./Payload/Finsus.app/assets/assets/icons/operation-success.png ... 
1399 bytes for ./Payload/Finsus.app/assets/assets/icons/operation-success.png
copying file ./Payload/Finsus.app/assets/assets/icons/brefcase.png ... 
457 bytes for ./Payload/Finsus.app/assets/assets/icons/brefcase.png
copying file ./Payload/Finsus.app/assets/assets/icons/services.png ... 
2542 bytes for ./Payload/Finsus.app/assets/assets/icons/services.png
copying file ./Payload/Finsus.app/assets/assets/icons/logout-blue.png ... 
2020-06-16 00:36:08 +0000  3115 bytes for ./Payload/Finsus.app/assets/assets/icons/logout-blue.png
copying file ./Payload/Finsus.app/assets/assets/icons/historial_pagos.png ... 
2020-06-16 00:36:08 +0000  452 bytes for ./Payload/Finsus.app/assets/assets/icons/historial_pagos.png
copying file ./Payload/Finsus.app/assets/assets/icons/user.png ... 
2020-06-16 00:36:08 +0000  3284 bytes for ./Payload/Finsus.app/assets/assets/icons/user.png
2020-06-16 00:36:08 +0000  copying file ./Payload/Finsus.app/assets/assets/icons/cuenta-ahorro.png ... 
2020-06-16 00:36:08 +0000  7561 bytes for ./Payload/Finsus.app/assets/assets/icons/cuenta-ahorro.png
2020-06-16 00:36:08 +0000  copying file ./Payload/Finsus.app/assets/assets/icons/read-contract.png ... 
2020-06-16 00:36:08 +0000  5222 bytes for ./Payload/Finsus.app/assets/assets/icons/read-contract.png
2020-06-16 00:36:08 +0000  copying file ./Payload/Finsus.app/assets/assets/icons/finsus-title.png ... 
2020-06-16 00:36:08 +0000  1938 bytes for ./Payload/Finsus.app/assets/assets/icons/finsus-title.png
2020-06-16 00:36:08 +0000  copying file ./Payload/Finsus.app/assets/assets/icons/briefcaseGray.png ... 
2020-06-16 00:36:08 +0000  1837 bytes for ./Payload/Finsus.app/assets/assets/icons/briefcaseGray.png
copying file ./Payload/Finsus.app/assets/assets/icons/irAGaleria.png ... 
2020-06-16 00:36:08 +0000  2486 bytes for ./Payload/Finsus.app/assets/assets/icons/irAGaleria.png
2020-06-16 00:36:08 +0000  copying file ./Payload/Finsus.app/assets/assets/icons/transfer.png ... 
2020-06-16 00:36:08 +0000  372 bytes for ./Payload/Finsus.app/assets/assets/icons/transfer.png
copying file ./Payload/Finsus.app/assets/assets/icons/corner-upright.png ... 
2020-06-16 00:36:08 +0000  777 bytes for ./Payload/Finsus.app/assets/assets/icons/corner-upright.png
2020-06-16 00:36:08 +0000  copying file ./Payload/Finsus.app/assets/assets/icons/check.gif ... 
2020-06-16 00:36:08 +0000  182947 bytes for ./Payload/Finsus.app/assets/assets/icons/check.gif
copying file ./Payload/Finsus.app/assets/assets/icons/taxes-gray.jpg ... 
2020-06-16 00:36:08 +0000  5074 bytes for ./Payload/Finsus.app/assets/assets/icons/taxes-gray.jpg
copying file ./Payload/Finsus.app/assets/assets/icons/depositBlue.png ... 
2020-06-16 00:36:08 +0000  5796 bytes for ./Payload/Finsus.app/assets/assets/icons/depositBlue.png
copying file ./Payload/Finsus.app/assets/assets/icons/transferGray.png ... 
2020-06-16 00:36:08 +0000  2032 bytes for ./Payload/Finsus.app/assets/assets/icons/transferGray.png
copying file ./Payload/Finsus.app/assets/assets/icons/help.png ... 
2020-06-16 00:36:08 +0000  4753 bytes for ./Payload/Finsus.app/assets/assets/icons/help.png
copying file ./Payload/Finsus.app/assets/assets/icons/camarita.png ... 
2020-06-16 00:36:08 +0000  480 bytes for ./Payload/Finsus.app/assets/assets/icons/camarita.png
copying file ./Payload/Finsus.app/assets/assets/icons/cuenta-inversion.png ... 
2020-06-16 00:36:08 +0000  1369 bytes for ./Payload/Finsus.app/assets/assets/icons/cuenta-inversion.png
2020-06-16 00:36:08 +0000  copying file ./Payload/Finsus.app/assets/assets/icons/hide-password.png ... 
2020-06-16 00:36:08 +0000  2816 bytes for ./Payload/Finsus.app/assets/assets/icons/hide-password.png
copying file ./Payload/Finsus.app/assets/assets/icons/bars.png ... 
2020-06-16 00:36:08 +0000  296 bytes for ./Payload/Finsus.app/assets/assets/icons/bars.png
copying file ./Payload/Finsus.app/assets/assets/icons/oldphone.png ... 
2020-06-16 00:36:08 +0000  2112 bytes for ./Payload/Finsus.app/assets/assets/icons/oldphone.png
copying file ./Payload/Finsus.app/assets/assets/icons/payServiceBlue.png ... 
2020-06-16 00:36:08 +0000  3693 bytes for ./Payload/Finsus.app/assets/assets/icons/payServiceBlue.png
2020-06-16 00:36:08 +0000  copying file ./Payload/Finsus.app/assets/assets/icons/beneficiaryFace.png ... 
2020-06-16 00:36:08 +0000  1021 bytes for ./Payload/Finsus.app/assets/assets/icons/beneficiaryFace.png
copying file ./Payload/Finsus.app/assets/assets/icons/touch-landscape.png ... 
2020-06-16 00:36:08 +0000  6828 bytes for ./Payload/Finsus.app/assets/assets/icons/touch-landscape.png
2020-06-16 00:36:08 +0000  copying file ./Payload/Finsus.app/assets/assets/icons/smartphone-white.png ... 
2020-06-16 00:36:08 +0000  3119 bytes for ./Payload/Finsus.app/assets/assets/icons/smartphone-white.png
copying file ./Payload/Finsus.app/assets/assets/icons/corner-downleft.png ... 
2020-06-16 00:36:08 +0000  789 bytes for ./Payload/Finsus.app/assets/assets/icons/corner-downleft.png
2020-06-16 00:36:08 +0000  copying file ./Payload/Finsus.app/assets/assets/icons/ticket-gray.jpg ... 
2020-06-16 00:36:08 +0000  5955 bytes for ./Payload/Finsus.app/assets/assets/icons/ticket-gray.jpg
2020-06-16 00:36:08 +0000  copying file ./Payload/Finsus.app/assets/assets/icons/clave.png ... 
2020-06-16 00:36:08 +0000  1106 bytes for ./Payload/Finsus.app/assets/assets/icons/clave.png
copying file ./Payload/Finsus.app/assets/assets/icons/bank.png ... 
2020-06-16 00:36:08 +0000  5255 bytes for ./Payload/Finsus.app/assets/assets/icons/bank.png
copying file ./Payload/Finsus.app/assets/assets/icons/air-credit.png ... 
2020-06-16 00:36:08 +0000  5609 bytes for ./Payload/Finsus.app/assets/assets/icons/air-credit.png
copying file ./Payload/Finsus.app/assets/assets/icons/recibir.png ... 
1805 bytes for ./Payload/Finsus.app/assets/assets/icons/recibir.png
copying file ./Payload/Finsus.app/assets/assets/icons/payServiceGray.png ... 
2020-06-16 00:36:08 +0000  3545 bytes for ./Payload/Finsus.app/assets/assets/icons/payServiceGray.png
2020-06-16 00:36:08 +0000  copying file ./Payload/Finsus.app/assets/assets/icons/celular.png ... 
2020-06-16 00:36:08 +0000  1597 bytes for ./Payload/Finsus.app/assets/assets/icons/celular.png
copying file ./Payload/Finsus.app/assets/assets/icons/informacion.png ... 
2020-06-16 00:36:08 +0000  611 bytes for ./Payload/Finsus.app/assets/assets/icons/informacion.png
2020-06-16 00:36:08 +0000  copying file ./Payload/Finsus.app/assets/assets/icons/transferBlue.png ... 
2020-06-16 00:36:08 +0000  1978 bytes for ./Payload/Finsus.app/assets/assets/icons/transferBlue.png
2020-06-16 00:36:08 +0000  copying file ./Payload/Finsus.app/assets/assets/icons/corner-upleft.png ... 
2020-06-16 00:36:09 +0000  775 bytes for ./Payload/Finsus.app/assets/assets/icons/corner-upleft.png
copying file ./Payload/Finsus.app/assets/assets/icons/whatsapp-white.png ... 
2020-06-16 00:36:09 +0000  6254 bytes for ./Payload/Finsus.app/assets/assets/icons/whatsapp-white.png
2020-06-16 00:36:09 +0000  copying file ./Payload/Finsus.app/assets/assets/icons/contract.png ... 
2020-06-16 00:36:09 +0000  347 bytes for ./Payload/Finsus.app/assets/assets/icons/contract.png
copying file ./Payload/Finsus.app/assets/assets/icons/confirm_password.png ... 
2020-06-16 00:36:09 +0000  809 bytes for ./Payload/Finsus.app/assets/assets/icons/confirm_password.png
copying file ./Payload/Finsus.app/assets/assets/icons/codigo-promocion.png ... 
2020-06-16 00:36:09 +0000  3100 bytes for ./Payload/Finsus.app/assets/assets/icons/codigo-promocion.png
copying file ./Payload/Finsus.app/assets/assets/icons/depositGray.png ... 
2020-06-16 00:36:09 +0000  4989 bytes for ./Payload/Finsus.app/assets/assets/icons/depositGray.png
2020-06-16 00:36:09 +0000  copying file ./Payload/Finsus.app/AppIcon20x20@2x~ipad.png ... 
2020-06-16 00:36:09 +0000  1102 bytes for ./Payload/Finsus.app/AppIcon20x20@2x~ipad.png
copying file ./Payload/Finsus.app/Info.plist ... 
2020-06-16 00:36:09 +0000  3483 bytes for ./Payload/Finsus.app/Info.plist
copying file ./Payload/Finsus.app/PkgInfo ... 
2020-06-16 00:36:09 +0000  8 bytes for ./Payload/Finsus.app/PkgInfo
copying file ./Payload/Finsus.app/MaterialIcons.ttf ... 
2020-06-16 00:36:09 +0000  128180 bytes for ./Payload/Finsus.app/MaterialIcons.ttf
2020-06-16 00:36:09 +0000  copying file ./Payload/Finsus.app/AppIcon76x76~ipad.png ... 
2020-06-16 00:36:09 +0000  2355 bytes for ./Payload/Finsus.app/AppIcon76x76~ipad.png
2020-06-16 00:36:09 +0000  /usr/bin/ditto exited with 0
2020-06-16 00:36:09 +0000  Processing step: IDEDistributionAppStoreInformationStep
2020-06-16 00:36:09 +0000  Skipping step: IDEDistributionAppStoreInformationStep because it said so
2020-06-16 00:36:09 +0000  Processing step: IDEDistributionGenerateProcessedDistributionItems
2020-06-16 00:36:09 +0000  Processing step: IDEDistributionCreateManifestStep
2020-06-16 00:36:09 +0000  Skipping step: IDEDistributionCreateManifestStep because it said so
